#
# There is insufficient memory for the Java Runtime Environment to continue.
# Native memory allocation (malloc) failed to allocate 1827968 bytes for Chunk::new
# Possible reasons:
#   The system is out of physical RAM or swap space
#   In 32 bit mode, the process size limit was hit
# Possible solutions:
#   Reduce memory load on the system
#   Increase physical memory or swap space
#   Check if swap backing store is full
#   Use 64 bit Java on a 64 bit OS
#   Decrease Java heap size (-Xmx/-Xms)
#   Decrease number of Java threads
#   Decrease Java thread stack sizes (-Xss)
#   Set larger code cache with -XX:ReservedCodeCacheSize=
# This output file may be truncated or incomplete.
#
#  Out of Memory Error (allocation.cpp:390), pid=15584, tid=0x0000000000003db4
#
# JRE version: OpenJDK Runtime Environment (8.0_152-b01) (build 1.8.0_152-release-915-b01)
# Java VM: OpenJDK 64-Bit Server VM (25.152-b01 mixed mode windows-amd64 compressed oops)
# Failed to write core dump. Minidumps are not enabled by default on client versions of Windows
#

---------------  T H R E A D  ---------------

Current thread (0x0000000017a83000):  JavaThread "C2 CompilerThread1" daemon [_thread_in_native, id=15796, stack(0x0000000018150000,0x0000000018250000)]

Stack: [0x0000000018150000,0x0000000018250000]
[error occurred during error reporting (printing stack bounds), id 0xc0000005]

Native frames: (J=compiled Java code, j=interpreted, Vv=VM code, C=native code)


Current CompileTask:
C2:  27280 3743       4       java.net.URLClassLoader$1::run (5 bytes)


---------------  P R O C E S S  ---------------

Java Threads: ( => current thread )
  0x000000001c277000 JavaThread "build operations Thread 4" [_thread_blocked, id=1816, stack(0x0000000020510000,0x0000000020610000)]
  0x000000001c273800 JavaThread "build operations Thread 3" [_thread_blocked, id=16092, stack(0x0000000020410000,0x0000000020510000)]
  0x000000001c272800 JavaThread "build operations Thread 2" [_thread_blocked, id=11260, stack(0x0000000020310000,0x0000000020410000)]
  0x000000001c275800 JavaThread "build operations" [_thread_blocked, id=4320, stack(0x0000000020210000,0x0000000020310000)]
  0x000000001c272000 JavaThread "Cache worker for Artifact transforms cache (D:\software\gradle-3.3\caches\transforms-1)" [_thread_blocked, id=8136, stack(0x000000001e650000,0x000000001e750000)]
  0x000000001918f800 JavaThread "Cache worker for file hash cache (C:\Users\lenovo\Desktop\MicroFilm\.gradle\4.1\fileHashes)" [_thread_blocked, id=16188, stack(0x000000001c120000,0x000000001c220000)]
  0x0000000018d94800 JavaThread "File lock request listener" [_thread_in_native, id=15868, stack(0x000000001af00000,0x000000001b000000)]
  0x0000000019610800 JavaThread "Cache worker for file hash cache (D:\software\gradle-3.3\caches\4.1\fileHashes)" [_thread_blocked, id=11020, stack(0x000000001ae00000,0x000000001af00000)]
  0x00000000188c1000 JavaThread "Stdin handler" [_thread_blocked, id=16108, stack(0x000000001ab00000,0x000000001ac00000)]
  0x00000000196c4800 JavaThread "Asynchronous log dispatcher for DefaultDaemonConnection: socket connection from /127.0.0.1:56251 to /127.0.0.1:56252" [_thread_blocked, id=2092, stack(0x000000001aa00000,0x000000001ab00000)]
  0x00000000194a9000 JavaThread "Daemon worker" [_thread_in_native, id=14492, stack(0x000000001a900000,0x000000001aa00000)]
  0x0000000017c9a000 JavaThread "Cancel handler" [_thread_blocked, id=16248, stack(0x000000001a800000,0x000000001a900000)]
  0x00000000193f4800 JavaThread "Handler for socket connection from /127.0.0.1:56251 to /127.0.0.1:56252" [_thread_in_native, id=14296, stack(0x000000001a500000,0x000000001a600000)]
  0x0000000018a09000 JavaThread "Daemon" [_thread_blocked, id=11320, stack(0x000000001a400000,0x000000001a500000)]
  0x0000000019403000 JavaThread "Daemon periodic checks" [_thread_blocked, id=700, stack(0x000000001a300000,0x000000001a400000)]
  0x00000000193f4000 JavaThread "Incoming local TCP Connector on port 56251" [_thread_in_native, id=8444, stack(0x0000000019f20000,0x000000001a020000)]
  0x0000000017ad2000 JavaThread "Service Thread" daemon [_thread_blocked, id=16320, stack(0x0000000018350000,0x0000000018450000)]
  0x0000000017a85800 JavaThread "C1 CompilerThread2" daemon [_thread_blocked, id=16204, stack(0x0000000018250000,0x0000000018350000)]
=>0x0000000017a83000 JavaThread "C2 CompilerThread1" daemon [_thread_in_native, id=15796, stack(0x0000000018150000,0x0000000018250000)]
  0x0000000016749000 JavaThread "C2 CompilerThread0" daemon [_thread_in_native, id=3572, stack(0x0000000018050000,0x0000000018150000)]
  0x0000000016701800 JavaThread "Attach Listener" daemon [_thread_blocked, id=13436, stack(0x0000000017f50000,0x0000000018050000)]
  0x0000000017a58800 JavaThread "Signal Dispatcher" daemon [_thread_blocked, id=3000, stack(0x0000000017e50000,0x0000000017f50000)]
  0x00000000166d7000 JavaThread "Finalizer" daemon [_thread_blocked, id=13024, stack(0x0000000017950000,0x0000000017a50000)]
  0x0000000002d71000 JavaThread "Reference Handler" daemon [_thread_blocked, id=15376, stack(0x0000000017850000,0x0000000017950000)]
  0x0000000002a7d800 JavaThread "main" [_thread_blocked, id=15948, stack(0x0000000002b80000,0x0000000002c80000)]

Other Threads:
  0x00000000166b6000 VMThread [stack: 0x0000000017750000,0x0000000017850000] [id=15908]
  0x0000000017ad3000 WatcherThread [stack: 0x0000000018450000,0x0000000018550000] [id=13344]

VM state:not at safepoint (normal execution)

VM Mutex/Monitor currently owned by a thread: None

Heap:
 PSYoungGen      total 107520K, used 1722K [0x00000000e0000000, 0x00000000e9580000, 0x0000000100000000)
  eden space 97280K, 1% used [0x00000000e0000000,0x00000000e01aeaf8,0x00000000e5f00000)
  from space 10240K, 0% used [0x00000000e5f00000,0x00000000e5f00000,0x00000000e6900000)
  to   space 11776K, 0% used [0x00000000e8a00000,0x00000000e8a00000,0x00000000e9580000)
 ParOldGen       total 57344K, used 16452K [0x00000000a0000000, 0x00000000a3800000, 0x00000000e0000000)
  object space 57344K, 28% used [0x00000000a0000000,0x00000000a10110b8,0x00000000a3800000)
 Metaspace       used 34842K, capacity 35638K, committed 36056K, reserved 1081344K
  class space    used 4720K, capacity 4999K, committed 5120K, reserved 1048576K

Card table byte_map: [0x0000000012140000,0x0000000012450000] byte_map_base: 0x0000000011c40000

Marking Bits: (ParMarkBitMap*) 0x0000000056de3950
 Begin Bits: [0x0000000012a50000, 0x0000000014250000)
 End Bits:   [0x0000000014250000, 0x0000000015a50000)

Polling page: 0x0000000000b40000

CodeCache: size=245760Kb used=12918Kb max_used=12918Kb free=232841Kb
 bounds [0x0000000002d80000, 0x0000000003a30000, 0x0000000011d80000]
 total_blobs=4250 nmethods=3547 adapters=616
 compilation: enabled

Compilation events (10 events):
Event: 27.222 Thread 0x0000000017a85800 3860       3       java.lang.invoke.InvokerBytecodeGenerator::emitPushArguments (7 bytes)
Event: 27.223 Thread 0x0000000017a85800 nmethod 3860 0x0000000003a22dd0 code [0x0000000003a22f80, 0x0000000003a235f8]
Event: 27.225 Thread 0x0000000017a85800 3862       3       java.lang.invoke.LambdaForm$NamedFunction::member (26 bytes)
Event: 27.225 Thread 0x0000000017a85800 nmethod 3862 0x0000000003a23b10 code [0x0000000003a23c60, 0x0000000003a23dd0]
Event: 27.225 Thread 0x0000000017a85800 3863       3       java.lang.invoke.InvokerBytecodeGenerator::isStaticallyInvocable (169 bytes)
Event: 27.231 Thread 0x0000000017a85800 nmethod 3863 0x0000000003a23e50 code [0x0000000003a242c0, 0x0000000003a273f8]
Event: 27.231 Thread 0x0000000017a85800 3864       3       sun.reflect.NativeConstructorAccessorImpl::newInstance (89 bytes)
Event: 27.234 Thread 0x0000000017a85800 nmethod 3864 0x0000000003a28e90 code [0x0000000003a29100, 0x0000000003a2a438]
Event: 27.263 Thread 0x0000000017a85800 3866       1       java.util.AbstractMap$SimpleImmutableEntry::getKey (5 bytes)
Event: 27.264 Thread 0x0000000017a85800 nmethod 3866 0x0000000003a2ae50 code [0x0000000003a2afa0, 0x0000000003a2b0b0]

GC Heap History (10 events):
Event: 16.583 GC heap before
{Heap before GC invocations=7 (full 1):
 PSYoungGen      total 69120K, used 7138K [0x00000000e0000000, 0x00000000e4f00000, 0x0000000100000000)
  eden space 61952K, 0% used [0x00000000e0000000,0x00000000e0000000,0x00000000e3c80000)
  from space 7168K, 99% used [0x00000000e4500000,0x00000000e4bf8b90,0x00000000e4c00000)
  to   space 8704K, 0% used [0x00000000e3c80000,0x00000000e3c80000,0x00000000e4500000)
 ParOldGen       total 42496K, used 8802K [0x00000000a0000000, 0x00000000a2980000, 0x00000000e0000000)
  object space 42496K, 20% used [0x00000000a0000000,0x00000000a0898988,0x00000000a2980000)
 Metaspace       used 20581K, capacity 21094K, committed 21248K, reserved 1067008K
  class space    used 2840K, capacity 3010K, committed 3072K, reserved 1048576K
Event: 16.720 GC heap after
Heap after GC invocations=7 (full 1):
 PSYoungGen      total 69120K, used 0K [0x00000000e0000000, 0x00000000e4f00000, 0x0000000100000000)
  eden space 61952K, 0% used [0x00000000e0000000,0x00000000e0000000,0x00000000e3c80000)
  from space 7168K, 0% used [0x00000000e4500000,0x00000000e4500000,0x00000000e4c00000)
  to   space 8704K, 0% used [0x00000000e3c80000,0x00000000e3c80000,0x00000000e4500000)
 ParOldGen       total 38912K, used 12286K [0x00000000a0000000, 0x00000000a2600000, 0x00000000e0000000)
  object space 38912K, 31% used [0x00000000a0000000,0x00000000a0bffb18,0x00000000a2600000)
 Metaspace       used 20581K, capacity 21094K, committed 21248K, reserved 1067008K
  class space    used 2840K, capacity 3010K, committed 3072K, reserved 1048576K
}
Event: 19.761 GC heap before
{Heap before GC invocations=8 (full 1):
 PSYoungGen      total 69120K, used 61952K [0x00000000e0000000, 0x00000000e4f00000, 0x0000000100000000)
  eden space 61952K, 100% used [0x00000000e0000000,0x00000000e3c80000,0x00000000e3c80000)
  from space 7168K, 0% used [0x00000000e4500000,0x00000000e4500000,0x00000000e4c00000)
  to   space 8704K, 0% used [0x00000000e3c80000,0x00000000e3c80000,0x00000000e4500000)
 ParOldGen       total 38912K, used 12286K [0x00000000a0000000, 0x00000000a2600000, 0x00000000e0000000)
  object space 38912K, 31% used [0x00000000a0000000,0x00000000a0bffb18,0x00000000a2600000)
 Metaspace       used 25226K, capacity 25886K, committed 25984K, reserved 1071104K
  class space    used 3483K, capacity 3702K, committed 3712K, reserved 1048576K
Event: 19.781 GC heap after
Heap after GC invocations=8 (full 1):
 PSYoungGen      total 70656K, used 7226K [0x00000000e0000000, 0x00000000e7200000, 0x0000000100000000)
  eden space 61952K, 0% used [0x00000000e0000000,0x00000000e0000000,0x00000000e3c80000)
  from space 8704K, 83% used [0x00000000e3c80000,0x00000000e438e800,0x00000000e4500000)
  to   space 9216K, 0% used [0x00000000e6900000,0x00000000e6900000,0x00000000e7200000)
 ParOldGen       total 38912K, used 12294K [0x00000000a0000000, 0x00000000a2600000, 0x00000000e0000000)
  object space 38912K, 31% used [0x00000000a0000000,0x00000000a0c01b18,0x00000000a2600000)
 Metaspace       used 25226K, capacity 25886K, committed 25984K, reserved 1071104K
  class space    used 3483K, capacity 3702K, committed 3712K, reserved 1048576K
}
Event: 22.542 GC heap before
{Heap before GC invocations=9 (full 1):
 PSYoungGen      total 70656K, used 69178K [0x00000000e0000000, 0x00000000e7200000, 0x0000000100000000)
  eden space 61952K, 100% used [0x00000000e0000000,0x00000000e3c80000,0x00000000e3c80000)
  from space 8704K, 83% used [0x00000000e3c80000,0x00000000e438e800,0x00000000e4500000)
  to   space 9216K, 0% used [0x00000000e6900000,0x00000000e6900000,0x00000000e7200000)
 ParOldGen       total 38912K, used 12294K [0x00000000a0000000, 0x00000000a2600000, 0x00000000e0000000)
  object space 38912K, 31% used [0x00000000a0000000,0x00000000a0c01b18,0x00000000a2600000)
 Metaspace       used 30320K, capacity 30888K, committed 31232K, reserved 1077248K
  class space    used 4135K, capacity 4323K, committed 4352K, reserved 1048576K
Event: 22.565 GC heap after
Heap after GC invocations=9 (full 1):
 PSYoungGen      total 106496K, used 8533K [0x00000000e0000000, 0x00000000e7300000, 0x0000000100000000)
  eden space 97280K, 0% used [0x00000000e0000000,0x00000000e0000000,0x00000000e5f00000)
  from space 9216K, 92% used [0x00000000e6900000,0x00000000e7155740,0x00000000e7200000)
  to   space 10240K, 0% used [0x00000000e5f00000,0x00000000e5f00000,0x00000000e6900000)
 ParOldGen       total 38912K, used 12302K [0x00000000a0000000, 0x00000000a2600000, 0x00000000e0000000)
  object space 38912K, 31% used [0x00000000a0000000,0x00000000a0c03b18,0x00000000a2600000)
 Metaspace       used 30320K, capacity 30888K, committed 31232K, reserved 1077248K
  class space    used 4135K, capacity 4323K, committed 4352K, reserved 1048576K
}
Event: 26.837 GC heap before
{Heap before GC invocations=10 (full 1):
 PSYoungGen      total 106496K, used 76739K [0x00000000e0000000, 0x00000000e7300000, 0x0000000100000000)
  eden space 97280K, 70% used [0x00000000e0000000,0x00000000e429b718,0x00000000e5f00000)
  from space 9216K, 92% used [0x00000000e6900000,0x00000000e7155740,0x00000000e7200000)
  to   space 10240K, 0% used [0x00000000e5f00000,0x00000000e5f00000,0x00000000e6900000)
 ParOldGen       total 38912K, used 12302K [0x00000000a0000000, 0x00000000a2600000, 0x00000000e0000000)
  object space 38912K, 31% used [0x00000000a0000000,0x00000000a0c03b18,0x00000000a2600000)
 Metaspace       used 34491K, capacity 35248K, committed 35416K, reserved 1079296K
  class space    used 4676K, capacity 4954K, committed 4992K, reserved 1048576K
Event: 26.871 GC heap after
Heap after GC invocations=10 (full 1):
 PSYoungGen      total 107520K, used 10140K [0x00000000e0000000, 0x00000000e9580000, 0x0000000100000000)
  eden space 97280K, 0% used [0x00000000e0000000,0x00000000e0000000,0x00000000e5f00000)
  from space 10240K, 99% used [0x00000000e5f00000,0x00000000e68e72b8,0x00000000e6900000)
  to   space 11776K, 0% used [0x00000000e8a00000,0x00000000e8a00000,0x00000000e9580000)
 ParOldGen       total 38912K, used 12374K [0x00000000a0000000, 0x00000000a2600000, 0x00000000e0000000)
  object space 38912K, 31% used [0x00000000a0000000,0x00000000a0c15b28,0x00000000a2600000)
 Metaspace       used 34491K, capacity 35248K, committed 35416K, reserved 1079296K
  class space    used 4676K, capacity 4954K, committed 4992K, reserved 1048576K
}
Event: 26.871 GC heap before
{Heap before GC invocations=11 (full 2):
 PSYoungGen      total 107520K, used 10140K [0x00000000e0000000, 0x00000000e9580000, 0x0000000100000000)
  eden space 97280K, 0% used [0x00000000e0000000,0x00000000e0000000,0x00000000e5f00000)
  from space 10240K, 99% used [0x00000000e5f00000,0x00000000e68e72b8,0x00000000e6900000)
  to   space 11776K, 0% used [0x00000000e8a00000,0x00000000e8a00000,0x00000000e9580000)
 ParOldGen       total 38912K, used 12374K [0x00000000a0000000, 0x00000000a2600000, 0x00000000e0000000)
  object space 38912K, 31% used [0x00000000a0000000,0x00000000a0c15b28,0x00000000a2600000)
 Metaspace       used 34491K, capacity 35248K, committed 35416K, reserved 1079296K
  class space    used 4676K, capacity 4954K, committed 4992K, reserved 1048576K
Event: 27.163 GC heap after
Heap after GC invocations=11 (full 2):
 PSYoungGen      total 107520K, used 0K [0x00000000e0000000, 0x00000000e9580000, 0x0000000100000000)
  eden space 97280K, 0% used [0x00000000e0000000,0x00000000e0000000,0x00000000e5f00000)
  from space 10240K, 0% used [0x00000000e5f00000,0x00000000e5f00000,0x00000000e6900000)
  to   space 11776K, 0% used [0x00000000e8a00000,0x00000000e8a00000,0x00000000e9580000)
 ParOldGen       total 57344K, used 16452K [0x00000000a0000000, 0x00000000a3800000, 0x00000000e0000000)
  object space 57344K, 28% used [0x00000000a0000000,0x00000000a10110b8,0x00000000a3800000)
 Metaspace       used 34491K, capacity 35248K, committed 35416K, reserved 1079296K
  class space    used 4676K, capacity 4954K, committed 4992K, reserved 1048576K
}

Deoptimization events (10 events):
Event: 25.835 Thread 0x00000000194a9000 Uncommon trap: reason=class_check action=maybe_recompile pc=0x00000000032d9918 method=java.io.BufferedInputStream.read1([BII)I @ 39
Event: 26.065 Thread 0x00000000194a9000 Uncommon trap: reason=class_check action=maybe_recompile pc=0x000000000364193c method=java.util.Hashtable.get(Ljava/lang/Object;)Ljava/lang/Object; @ 6
Event: 26.065 Thread 0x00000000194a9000 Uncommon trap: reason=class_check action=maybe_recompile pc=0x000000000364193c method=java.util.Hashtable.get(Ljava/lang/Object;)Ljava/lang/Object; @ 6
Event: 26.065 Thread 0x00000000194a9000 Uncommon trap: reason=class_check action=maybe_recompile pc=0x000000000364193c method=java.util.Hashtable.get(Ljava/lang/Object;)Ljava/lang/Object; @ 6
Event: 26.065 Thread 0x00000000194a9000 Uncommon trap: reason=class_check action=maybe_recompile pc=0x000000000364193c method=java.util.Hashtable.get(Ljava/lang/Object;)Ljava/lang/Object; @ 6
Event: 26.202 Thread 0x00000000194a9000 Uncommon trap: reason=unstable_if action=reinterpret pc=0x0000000002f211b8 method=java.lang.String.replace(CC)Ljava/lang/String; @ 2
Event: 26.212 Thread 0x00000000194a9000 Uncommon trap: reason=bimorphic action=maybe_recompile pc=0x00000000035e40dc method=org.codehaus.groovy.runtime.metaclass.MetaMethodIndex.addMethodToList(Ljava/lang/Object;Lgroovy/lang/MetaMethod;)Ljava/lang/Object; @ 96
Event: 26.212 Thread 0x00000000194a9000 Uncommon trap: reason=unstable_if action=reinterpret pc=0x000000000364cac0 method=groovy.lang.MetaClassImpl$1MOPIter.methodNameAction(Ljava/lang/Class;Lorg/codehaus/groovy/runtime/metaclass/MetaMethodIndex$Entry;)V @ 259
Event: 26.658 Thread 0x00000000194a9000 Uncommon trap: reason=unstable_if action=reinterpret pc=0x0000000003762450 method=java.lang.Integer.valueOf(I)Ljava/lang/Integer; @ 3
Event: 26.666 Thread 0x00000000194a9000 Uncommon trap: reason=predicate action=maybe_recompile pc=0x000000000360caa8 method=java.util.Arrays.binarySearch0([Ljava/lang/Object;IILjava/lang/Object;Ljava/util/Comparator;)I @ 28

Classes redefined (0 events):
No events

Internal exceptions (10 events):
Event: 26.217 Thread 0x00000000194a9000 Exception <a 'java/lang/ClassNotFoundException': org/gradle/api/internal/project/DefaultAntBuilderBeanInfo> (0x00000000e3ba7d00) thrown at [D:\src\AOSP-openjdk-cygwin\jdk8u\hotspot\src\share\vm\classfile\systemDictionary.cpp, line 210]
Event: 26.218 Thread 0x00000000194a9000 Exception <a 'java/lang/ClassNotFoundException': org/gradle/api/internal/project/ant/BasicAntBuilderBeanInfo> (0x00000000e3bd6bb0) thrown at [D:\src\AOSP-openjdk-cygwin\jdk8u\hotspot\src\share\vm\classfile\systemDictionary.cpp, line 210]
Event: 26.274 Thread 0x00000000194a9000 Exception <a 'java/lang/ClassNotFoundException': org/gradle/api/AntBuilderBeanInfo> (0x00000000e3bf7b48) thrown at [D:\src\AOSP-openjdk-cygwin\jdk8u\hotspot\src\share\vm\classfile\systemDictionary.cpp, line 210]
Event: 26.276 Thread 0x00000000194a9000 Exception <a 'java/lang/ClassNotFoundException': groovy/util/AntBuilderBeanInfo> (0x00000000e3c17530) thrown at [D:\src\AOSP-openjdk-cygwin\jdk8u\hotspot\src\share\vm\classfile\systemDictionary.cpp, line 210]
Event: 26.277 Thread 0x00000000194a9000 Exception <a 'java/lang/ClassNotFoundException': groovy/util/BuilderSupportBeanInfo> (0x00000000e3c384b8) thrown at [D:\src\AOSP-openjdk-cygwin\jdk8u\hotspot\src\share\vm\classfile\systemDictionary.cpp, line 210]
Event: 26.280 Thread 0x00000000194a9000 Exception <a 'java/lang/ClassNotFoundException': groovy/util/BuilderSupportCustomizer> (0x00000000e3c5b390) thrown at [D:\src\AOSP-openjdk-cygwin\jdk8u\hotspot\src\share\vm\classfile\systemDictionary.cpp, line 210]
Event: 26.285 Thread 0x00000000194a9000 Exception <a 'java/lang/ClassNotFoundException': groovy/util/AntBuilderCustomizer> (0x00000000e3c7ef88) thrown at [D:\src\AOSP-openjdk-cygwin\jdk8u\hotspot\src\share\vm\classfile\systemDictionary.cpp, line 210]
Event: 26.287 Thread 0x00000000194a9000 Exception <a 'java/lang/ClassNotFoundException': org/gradle/api/AntBuilderCustomizer> (0x00000000e3ca7e60) thrown at [D:\src\AOSP-openjdk-cygwin\jdk8u\hotspot\src\share\vm\classfile\systemDictionary.cpp, line 210]
Event: 26.289 Thread 0x00000000194a9000 Exception <a 'java/lang/ClassNotFoundException': org/gradle/api/internal/project/ant/BasicAntBuilderCustomizer> (0x00000000e3ce5218) thrown at [D:\src\AOSP-openjdk-cygwin\jdk8u\hotspot\src\share\vm\classfile\systemDictionary.cpp, line 210]
Event: 26.292 Thread 0x00000000194a9000 Exception <a 'java/lang/ClassNotFoundException': org/gradle/api/internal/project/DefaultAntBuilderCustomizer> (0x00000000e3d29308) thrown at [D:\src\AOSP-openjdk-cygwin\jdk8u\hotspot\src\share\vm\classfile\systemDictionary.cpp, line 210]

Events (10 events):
Event: 27.262 loading class java/time/format/DateTimeTextProvider$1
Event: 27.262 loading class java/time/format/DateTimeTextProvider$1 done
Event: 27.262 loading class java/time/format/DateTimeFormatterBuilder$1
Event: 27.262 loading class java/time/format/DateTimeFormatterBuilder$1 done
Event: 27.263 loading class java/time/format/DateTimeFormatterBuilder$TextPrinterParser
Event: 27.263 loading class java/time/format/DateTimeFormatterBuilder$TextPrinterParser done
Event: 27.264 loading class java/time/format/DateTimeFormatterBuilder$WeekBasedFieldPrinterParser
Event: 27.266 loading class java/time/format/DateTimeFormatterBuilder$WeekBasedFieldPrinterParser done
Event: 27.266 loading class com/android/build/gradle/internal/LoggerWrapper
Event: 27.266 loading class com/android/build/gradle/internal/LoggerWrapper done


Dynamic libraries:
0x00007ff6a73c0000 - 0x00007ff6a73f1000 	D:\android_studio\jre\bin\java.exe
0x00007ff969c50000 - 0x00007ff969e21000 	C:\WINDOWS\SYSTEM32\ntdll.dll
0x00007ff969090000 - 0x00007ff96913b000 	C:\WINDOWS\System32\KERNEL32.DLL
0x00007ff966b70000 - 0x00007ff966d8d000 	C:\WINDOWS\System32\KERNELBASE.dll
0x00007ff967090000 - 0x00007ff967132000 	C:\WINDOWS\System32\ADVAPI32.dll
0x00007ff968dd0000 - 0x00007ff968e6e000 	C:\WINDOWS\System32\msvcrt.dll
0x00007ff969a30000 - 0x00007ff969a89000 	C:\WINDOWS\System32\sechost.dll
0x00007ff969a90000 - 0x00007ff969bb1000 	C:\WINDOWS\System32\RPCRT4.dll
0x00007ff968f20000 - 0x00007ff969085000 	C:\WINDOWS\System32\USER32.dll
0x00007ff9660a0000 - 0x00007ff9660be000 	C:\WINDOWS\System32\win32u.dll
0x00007ff9699f0000 - 0x00007ff969a24000 	C:\WINDOWS\System32\GDI32.dll
0x00007ff966130000 - 0x00007ff9662b2000 	C:\WINDOWS\System32\gdi32full.dll
0x00007ff9596f0000 - 0x00007ff959969000 	C:\WINDOWS\WinSxS\amd64_microsoft.windows.common-controls_6595b64144ccf1df_6.0.14393.447_none_42191651c6827bb3\COMCTL32.dll
0x00007ff9689f0000 - 0x00007ff968cb8000 	C:\WINDOWS\System32\combase.dll
0x00007ff965ef0000 - 0x00007ff965fe5000 	C:\WINDOWS\System32\ucrtbase.dll
0x00007ff9660c0000 - 0x00007ff96612a000 	C:\WINDOWS\System32\bcryptPrimitives.dll
0x00007ff969c20000 - 0x00007ff969c4e000 	C:\WINDOWS\System32\IMM32.DLL
0x0000000056540000 - 0x0000000056612000 	D:\android_studio\jre\jre\bin\msvcr100.dll
0x0000000056620000 - 0x0000000056e5e000 	D:\android_studio\jre\jre\bin\server\jvm.dll
0x00007ff966df0000 - 0x00007ff966e13000 	C:\WINDOWS\System32\WINMM.dll
0x00007ff965ec0000 - 0x00007ff965eeb000 	C:\WINDOWS\System32\WINMMBASE.dll
0x00007ff966e80000 - 0x00007ff966ec2000 	C:\WINDOWS\System32\cfgmgr32.dll
0x00007ff968ef0000 - 0x00007ff968ef8000 	C:\WINDOWS\System32\PSAPI.DLL
0x00007ff961420000 - 0x00007ff961429000 	C:\WINDOWS\SYSTEM32\WSOCK32.dll
0x00007ff965610000 - 0x00007ff96561a000 	C:\WINDOWS\SYSTEM32\VERSION.dll
0x00007ff968e70000 - 0x00007ff968eda000 	C:\WINDOWS\System32\WS2_32.dll
0x00007ff965c30000 - 0x00007ff965c3f000 	D:\android_studio\jre\jre\bin\verify.dll
0x00007ff9639b0000 - 0x00007ff9639d9000 	D:\android_studio\jre\jre\bin\java.dll
0x00007ff9611e0000 - 0x00007ff9611f6000 	D:\android_studio\jre\jre\bin\zip.dll
0x00007ff9671e0000 - 0x00007ff9686e9000 	C:\WINDOWS\System32\SHELL32.dll
0x00007ff9662c0000 - 0x00007ff96699a000 	C:\WINDOWS\System32\windows.storage.dll
0x00007ff966e20000 - 0x00007ff966e6c000 	C:\WINDOWS\System32\powrprof.dll
0x00007ff968890000 - 0x00007ff9688e2000 	C:\WINDOWS\System32\shlwapi.dll
0x00007ff965ea0000 - 0x00007ff965eaf000 	C:\WINDOWS\System32\kernel.appcore.dll
0x00007ff966f70000 - 0x00007ff967019000 	C:\WINDOWS\System32\shcore.dll
0x00007ff965e80000 - 0x00007ff965e94000 	C:\WINDOWS\System32\profapi.dll
0x00007ff95f940000 - 0x00007ff95f95a000 	D:\android_studio\jre\jre\bin\net.dll
0x00007ff9653e0000 - 0x00007ff96543c000 	C:\WINDOWS\system32\mswsock.dll
0x00007ff95be40000 - 0x00007ff95be51000 	D:\android_studio\jre\jre\bin\nio.dll
0x00007ff957980000 - 0x00007ff95799e000 	D:\software\gradle-3.3\native\25\windows-amd64\native-platform.dll
0x00007ff963ae0000 - 0x00007ff963aed000 	D:\android_studio\jre\jre\bin\management.dll
0x00007ff965a00000 - 0x00007ff965a17000 	C:\WINDOWS\SYSTEM32\CRYPTSP.dll
0x00007ff965000000 - 0x00007ff965033000 	C:\WINDOWS\system32\rsaenh.dll
0x00007ff965dc0000 - 0x00007ff965deb000 	C:\WINDOWS\SYSTEM32\bcrypt.dll
0x00007ff965260000 - 0x00007ff96527f000 	C:\WINDOWS\SYSTEM32\USERENV.dll
0x00007ff9655a0000 - 0x00007ff9655ab000 	C:\WINDOWS\SYSTEM32\CRYPTBASE.dll
0x00007ff965180000 - 0x00007ff9651b8000 	C:\WINDOWS\SYSTEM32\IPHLPAPI.DLL
0x00007ff968ee0000 - 0x00007ff968ee8000 	C:\WINDOWS\System32\NSI.dll
0x00007ff95cd40000 - 0x00007ff95cd56000 	C:\WINDOWS\SYSTEM32\dhcpcsvc6.DLL
0x00007ff95cad0000 - 0x00007ff95caea000 	C:\WINDOWS\SYSTEM32\dhcpcsvc.DLL

VM Arguments:
jvm_args: -Xmx1536m -Dfile.encoding=GBK -Duser.country=CN -Duser.language=zh -Duser.variant 
java_command: org.gradle.launcher.daemon.bootstrap.GradleDaemon 4.1
java_class_path (initial): D:\software\gradle-3.3\wrapper\dists\gradle-4.1-all\bzyivzo6n839fup2jbap0tjew\gradle-4.1\lib\gradle-launcher-4.1.jar
Launcher Type: SUN_STANDARD

Environment Variables:
JAVA_HOME=C:\Program Files (x86)\Java\jdk1.8.0\bin
PATH=C:\ProgramData\Oracle\Java\javapath;D:\app\product\11.2.0\dbhome_1\bin;C:\WINDOWS\system32;C:\WINDOWS;C:\WINDOWS\System32\Wbem;C:\WINDOWS\System32\WindowsPowerShell\v1.0\;C:\Program Files\Intel\WiFi\bin\;C:\Program Files\Common Files\Intel\WirelessCommon\;C:\Program Files (x86)\Calibre2\;C:\Program Files\Java\jdk1.8.0_11\bin;C:\Program Files\TortoiseGit\bin;D:\software\android_sdk\platform-tools;D:\are\Mysql\bin;C:\Program Files\Git\cmd;C:\Program Files\Java\jdk1.8.0_11\bin£»D:\app\product\11.2.0\dbhome_1\BIN£»D:\software\android_sdk;C:\Users\lenovo\AppData\Local\Programs\Fiddler
USERNAME=lenovo
OS=Windows_NT
PROCESSOR_IDENTIFIER=Intel64 Family 6 Model 78 Stepping 3, GenuineIntel



---------------  S Y S T E M  ---------------

OS: Windows 10.0 , 64 bit Build 14393 (10.0.14393.0)

CPU:total 4 (initial active 4) (2 cores per cpu, 2 threads per core) family 6 model 78 stepping 3, cmov, cx8, fxsr, mmx, sse, sse2, sse3, ssse3, sse4.1, sse4.2, popcnt, avx, avx2, aes, clmul, erms, 3dnowpref, lzcnt, ht, tsc, tscinvbit, bmi1, bmi2, adx

Memory: 4k page, physical 4049824k(105928k free), swap 8982964k(5532k free)

vm_info: OpenJDK 64-Bit Server VM (25.152-b01) for windows-amd64 JRE (1.8.0_152-release-915-b01), built by "builder" with MS VC++ 10.0 (VS2010)

time: Sat Dec 16 10:47:14 2017
elapsed time: 27 seconds (0d 0h 0m 27s)

