#
# There is insufficient memory for the Java Runtime Environment to continue.
# Native memory allocation (malloc) failed to allocate 903696 bytes for Chunk::new
# Possible reasons:
#   The system is out of physical RAM or swap space
#   In 32 bit mode, the process size limit was hit
# Possible solutions:
#   Reduce memory load on the system
#   Increase physical memory or swap space
#   Check if swap backing store is full
#   Use 64 bit Java on a 64 bit OS
#   Decrease Java heap size (-Xmx/-Xms)
#   Decrease number of Java threads
#   Decrease Java thread stack sizes (-Xss)
#   Set larger code cache with -XX:ReservedCodeCacheSize=
# This output file may be truncated or incomplete.
#
#  Out of Memory Error (allocation.cpp:390), pid=15556, tid=0x00000000000048b4
#
# JRE version: OpenJDK Runtime Environment (8.0_152-b01) (build 1.8.0_152-release-915-b01)
# Java VM: OpenJDK 64-Bit Server VM (25.152-b01 mixed mode windows-amd64 compressed oops)
# Failed to write core dump. Minidumps are not enabled by default on client versions of Windows
#

---------------  T H R E A D  ---------------

Current thread (0x0000000016bec000):  JavaThread "C2 CompilerThread0" daemon [_thread_in_native, id=18612, stack(0x0000000018540000,0x0000000018640000)]

Stack: [0x0000000018540000,0x0000000018640000]
[error occurred during error reporting (printing stack bounds), id 0xc0000005]

Native frames: (J=compiled Java code, j=interpreted, Vv=VM code, C=native code)


Current CompileTask:
C2: 195193 13920       4       com.sun.tools.javac.code.Symbol$MethodSymbol::implementation (57 bytes)


---------------  P R O C E S S  ---------------

Java Threads: ( => current thread )
  0x0000000019e1a000 JavaThread "RMI TCP Connection(idle)" daemon [_thread_blocked, id=19724, stack(0x00000000250b0000,0x00000000251b0000)]
  0x0000000019e1b800 JavaThread "RMI Reaper" [_thread_blocked, id=19784, stack(0x0000000024fb0000,0x00000000250b0000)]
  0x0000000019e1e800 JavaThread "RMI TCP Accept-0" daemon [_thread_in_native, id=20072, stack(0x0000000024eb0000,0x0000000024fb0000)]
  0x0000000019e1d000 JavaThread "GC Daemon" daemon [_thread_blocked, id=19340, stack(0x0000000024db0000,0x0000000024eb0000)]
  0x0000000019e1e000 JavaThread "RMI Scheduler(0)" daemon [_thread_blocked, id=20228, stack(0x0000000024bb0000,0x0000000024cb0000)]
  0x0000000019e19800 JavaThread "Task worker for ':' Thread 3" [_thread_in_Java, id=20316, stack(0x00000000249b0000,0x0000000024ab0000)]
  0x0000000019e1c800 JavaThread "Task worker for ':' Thread 2" [_thread_blocked, id=7740, stack(0x00000000248b0000,0x00000000249b0000)]
  0x0000000019e18800 JavaThread "Task worker for ':'" [_thread_blocked, id=19212, stack(0x00000000247b0000,0x00000000248b0000)]
  0x000000001a492800 JavaThread "Cache worker for task history cache (C:\Users\lenovo\Desktop\MicroFilm\.gradle\4.1\taskHistory)" [_thread_blocked, id=12692, stack(0x00000000246b0000,0x00000000247b0000)]
  0x000000001a492000 JavaThread "Cache worker for file content cache (C:\Users\lenovo\Desktop\MicroFilm\.gradle\4.1\fileContent)" [_thread_blocked, id=16604, stack(0x00000000245b0000,0x00000000246b0000)]
  0x000000001a491000 JavaThread "build operations Thread 4" [_thread_blocked, id=16160, stack(0x00000000244b0000,0x00000000245b0000)]
  0x000000001a490800 JavaThread "build operations Thread 3" [_thread_blocked, id=15228, stack(0x00000000243b0000,0x00000000244b0000)]
  0x000000001a48f800 JavaThread "build operations Thread 2" [_thread_blocked, id=16620, stack(0x00000000242b0000,0x00000000243b0000)]
  0x000000001a48f000 JavaThread "build operations" [_thread_blocked, id=7696, stack(0x00000000241b0000,0x00000000242b0000)]
  0x000000001a495000 JavaThread "Cache worker for Artifact transforms cache (D:\software\gradle-3.3\caches\transforms-1)" [_thread_blocked, id=16764, stack(0x00000000240b0000,0x00000000241b0000)]
  0x000000001cd5a000 JavaThread "Cache worker for file hash cache (C:\Users\lenovo\Desktop\MicroFilm\.gradle\4.1\fileHashes)" [_thread_blocked, id=16692, stack(0x0000000023fb0000,0x00000000240b0000)]
  0x000000001cd59000 JavaThread "Stdin handler" [_thread_blocked, id=16820, stack(0x0000000023eb0000,0x0000000023fb0000)]
  0x000000001cd5d800 JavaThread "Asynchronous log dispatcher for DefaultDaemonConnection: socket connection from /127.0.0.1:57995 to /127.0.0.1:58651" [_thread_blocked, id=15732, stack(0x0000000023db0000,0x0000000023eb0000)]
  0x000000001cd5d000 JavaThread "Daemon worker Thread 2" [_thread_blocked, id=17020, stack(0x0000000023cb0000,0x0000000023db0000)]
  0x000000001cd58800 JavaThread "Cancel handler" [_thread_blocked, id=16804, stack(0x0000000023bb0000,0x0000000023cb0000)]
  0x000000001cd5c000 JavaThread "Handler for socket connection from /127.0.0.1:57995 to /127.0.0.1:58651" [_thread_in_native, id=16568, stack(0x0000000023ab0000,0x0000000023bb0000)]
  0x000000001cd5a800 JavaThread "Daemon Thread 2" [_thread_blocked, id=16600, stack(0x00000000239b0000,0x0000000023ab0000)]
  0x000000001cd5b800 JavaThread "Memory manager" [_thread_blocked, id=19860, stack(0x0000000021190000,0x0000000021290000)]
  0x0000000019f23000 JavaThread "File lock request listener" [_thread_in_native, id=18748, stack(0x000000001c3c0000,0x000000001c4c0000)]
  0x0000000019a30000 JavaThread "Cache worker for file hash cache (D:\software\gradle-3.3\caches\4.1\fileHashes)" [_thread_blocked, id=13924, stack(0x000000001c0c0000,0x000000001c1c0000)]
  0x0000000019701000 JavaThread "Daemon periodic checks" [_thread_blocked, id=10400, stack(0x000000001b7c0000,0x000000001b8c0000)]
  0x00000000196ff000 JavaThread "Incoming local TCP Connector on port 57995" [_thread_in_native, id=18732, stack(0x000000001b3e0000,0x000000001b4e0000)]
  0x0000000017fbe800 JavaThread "Service Thread" daemon [_thread_blocked, id=18592, stack(0x0000000018840000,0x0000000018940000)]
  0x0000000017f4b800 JavaThread "C1 CompilerThread2" daemon [_thread_blocked, id=18616, stack(0x0000000018740000,0x0000000018840000)]
  0x0000000016bee000 JavaThread "C2 CompilerThread1" daemon [_thread_in_native, id=18620, stack(0x0000000018640000,0x0000000018740000)]
=>0x0000000016bec000 JavaThread "C2 CompilerThread0" daemon [_thread_in_native, id=18612, stack(0x0000000018540000,0x0000000018640000)]
  0x0000000016ba1800 JavaThread "Attach Listener" daemon [_thread_blocked, id=8152, stack(0x0000000018440000,0x0000000018540000)]
  0x0000000017f48800 JavaThread "Signal Dispatcher" daemon [_thread_blocked, id=14868, stack(0x0000000018340000,0x0000000018440000)]
  0x0000000016b77000 JavaThread "Finalizer" daemon [_thread_blocked, id=19320, stack(0x0000000017de0000,0x0000000017ee0000)]
  0x0000000003211000 JavaThread "Reference Handler" daemon [_thread_blocked, id=3592, stack(0x0000000017ce0000,0x0000000017de0000)]
  0x000000000311d800 JavaThread "main" [_thread_blocked, id=5516, stack(0x0000000002f80000,0x0000000003080000)]

Other Threads:
  0x0000000016b56000 VMThread [stack: 0x0000000017be0000,0x0000000017ce0000] [id=18504]
  0x0000000017f57800 WatcherThread [stack: 0x0000000018940000,0x0000000018a40000] [id=18736]

VM state:not at safepoint (normal execution)

VM Mutex/Monitor currently owned by a thread: None

Heap:
 PSYoungGen      total 165376K, used 126249K [0x00000000e0000000, 0x00000000edd00000, 0x0000000100000000)
  eden space 143872K, 87% used [0x00000000e0000000,0x00000000e7b4a580,0x00000000e8c80000)
  from space 21504K, 0% used [0x00000000eab80000,0x00000000eab80000,0x00000000ec080000)
  to   space 31744K, 0% used [0x00000000e8c80000,0x00000000e8c80000,0x00000000eab80000)
 ParOldGen       total 59904K, used 59562K [0x00000000a0000000, 0x00000000a3a80000, 0x00000000e0000000)
  object space 59904K, 99% used [0x00000000a0000000,0x00000000a3a2abe8,0x00000000a3a80000)
 Metaspace       used 86739K, capacity 89244K, committed 89560K, reserved 1128448K
  class space    used 10845K, capacity 11415K, committed 11520K, reserved 1048576K

Card table byte_map: [0x00000000125e0000,0x00000000128f0000] byte_map_base: 0x00000000120e0000

Marking Bits: (ParMarkBitMap*) 0x0000000056de3950
 Begin Bits: [0x0000000012ef0000, 0x00000000146f0000)
 End Bits:   [0x00000000146f0000, 0x0000000015ef0000)

Polling page: 0x0000000001500000

CodeCache: size=245760Kb used=42578Kb max_used=42578Kb free=203181Kb
 bounds [0x0000000003220000, 0x0000000005bf0000, 0x0000000012220000]
 total_blobs=12536 nmethods=11660 adapters=788
 compilation: enabled

Compilation events (10 events):
Event: 194.951 Thread 0x0000000017f4b800 13933       3       com.sun.tools.javac.jvm.Items$ImmediateItem::coerce (322 bytes)
Event: 194.956 Thread 0x0000000017f4b800 nmethod 13933 0x0000000005bdd490 code [0x0000000005bdd920, 0x0000000005be05f8]
Event: 194.974 Thread 0x0000000017f4b800 13935       2       com.sun.tools.javac.jvm.Code::emitop1 (101 bytes)
Event: 194.975 Thread 0x0000000017f4b800 nmethod 13935 0x0000000005bd3e50 code [0x0000000005bd4040, 0x0000000005bd44d8]
Event: 194.975 Thread 0x0000000017f4b800 13936       2       com.sun.tools.javac.jvm.Pool$Method::equals (73 bytes)
Event: 194.976 Thread 0x0000000017f4b800 nmethod 13936 0x0000000005bd3550 code [0x0000000005bd36e0, 0x0000000005bd3ac8]
Event: 194.976 Thread 0x0000000017f4b800 13937       2       com.sun.tools.javac.jvm.Code::resolve (454 bytes)
Event: 194.979 Thread 0x0000000017f4b800 nmethod 13937 0x0000000005be1f50 code [0x0000000005be21a0, 0x0000000005be2d88]
Event: 195.093 Thread 0x0000000017f4b800 13938       2       com.sun.tools.javac.jvm.Gen::completeBinop (261 bytes)
Event: 195.096 Thread 0x0000000017f4b800 nmethod 13938 0x0000000005be3810 code [0x0000000005be3a60, 0x0000000005be42f8]

GC Heap History (10 events):
Event: 59.586 GC heap before
{Heap before GC invocations=17 (full 3):
 PSYoungGen      total 126464K, used 114176K [0x00000000e0000000, 0x00000000eb300000, 0x0000000100000000)
  eden space 114176K, 100% used [0x00000000e0000000,0x00000000e6f80000,0x00000000e6f80000)
  from space 12288K, 0% used [0x00000000e6f80000,0x00000000e6f80000,0x00000000e7b80000)
  to   space 22528K, 0% used [0x00000000e9d00000,0x00000000e9d00000,0x00000000eb300000)
 ParOldGen       total 59904K, used 34576K [0x00000000a0000000, 0x00000000a3a80000, 0x00000000e0000000)
  object space 59904K, 57% used [0x00000000a0000000,0x00000000a21c4138,0x00000000a3a80000)
 Metaspace       used 65542K, capacity 67636K, committed 67672K, reserved 1107968K
  class space    used 8617K, capacity 9087K, committed 9088K, reserved 1048576K
Event: 59.625 GC heap after
Heap after GC invocations=17 (full 3):
 PSYoungGen      total 151552K, used 11772K [0x00000000e0000000, 0x00000000eae00000, 0x0000000100000000)
  eden space 134144K, 0% used [0x00000000e0000000,0x00000000e0000000,0x00000000e8300000)
  from space 17408K, 67% used [0x00000000e9d00000,0x00000000ea87f188,0x00000000eae00000)
  to   space 22016K, 0% used [0x00000000e8300000,0x00000000e8300000,0x00000000e9880000)
 ParOldGen       total 59904K, used 34584K [0x00000000a0000000, 0x00000000a3a80000, 0x00000000e0000000)
  object space 59904K, 57% used [0x00000000a0000000,0x00000000a21c6138,0x00000000a3a80000)
 Metaspace       used 65542K, capacity 67636K, committed 67672K, reserved 1107968K
  class space    used 8617K, capacity 9087K, committed 9088K, reserved 1048576K
}
Event: 173.631 GC heap before
{Heap before GC invocations=18 (full 3):
 PSYoungGen      total 151552K, used 145916K [0x00000000e0000000, 0x00000000eae00000, 0x0000000100000000)
  eden space 134144K, 100% used [0x00000000e0000000,0x00000000e8300000,0x00000000e8300000)
  from space 17408K, 67% used [0x00000000e9d00000,0x00000000ea87f188,0x00000000eae00000)
  to   space 22016K, 0% used [0x00000000e8300000,0x00000000e8300000,0x00000000e9880000)
 ParOldGen       total 59904K, used 34584K [0x00000000a0000000, 0x00000000a3a80000, 0x00000000e0000000)
  object space 59904K, 57% used [0x00000000a0000000,0x00000000a21c6138,0x00000000a3a80000)
 Metaspace       used 68885K, capacity 71320K, committed 71512K, reserved 1112064K
  class space    used 9057K, capacity 9595K, committed 9600K, reserved 1048576K
Event: 173.810 GC heap after
Heap after GC invocations=18 (full 3):
 PSYoungGen      total 156160K, used 11179K [0x00000000e0000000, 0x00000000ec080000, 0x0000000100000000)
  eden space 134144K, 0% used [0x00000000e0000000,0x00000000e0000000,0x00000000e8300000)
  from space 22016K, 50% used [0x00000000e8300000,0x00000000e8deacc0,0x00000000e9880000)
  to   space 21504K, 0% used [0x00000000eab80000,0x00000000eab80000,0x00000000ec080000)
 ParOldGen       total 59904K, used 34592K [0x00000000a0000000, 0x00000000a3a80000, 0x00000000e0000000)
  object space 59904K, 57% used [0x00000000a0000000,0x00000000a21c8138,0x00000000a3a80000)
 Metaspace       used 68885K, capacity 71320K, committed 71512K, reserved 1112064K
  class space    used 9057K, capacity 9595K, committed 9600K, reserved 1048576K
}
Event: 180.912 GC heap before
{Heap before GC invocations=19 (full 3):
 PSYoungGen      total 156160K, used 145323K [0x00000000e0000000, 0x00000000ec080000, 0x0000000100000000)
  eden space 134144K, 100% used [0x00000000e0000000,0x00000000e8300000,0x00000000e8300000)
  from space 22016K, 50% used [0x00000000e8300000,0x00000000e8deacc0,0x00000000e9880000)
  to   space 21504K, 0% used [0x00000000eab80000,0x00000000eab80000,0x00000000ec080000)
 ParOldGen       total 59904K, used 34592K [0x00000000a0000000, 0x00000000a3a80000, 0x00000000e0000000)
  object space 59904K, 57% used [0x00000000a0000000,0x00000000a21c8138,0x00000000a3a80000)
 Metaspace       used 81856K, capacity 84334K, committed 84696K, reserved 1122304K
  class space    used 10333K, capacity 10884K, committed 11008K, reserved 1048576K
Event: 181.088 GC heap after
Heap after GC invocations=19 (full 3):
 PSYoungGen      total 165376K, used 21484K [0x00000000e0000000, 0x00000000edd00000, 0x0000000100000000)
  eden space 143872K, 0% used [0x00000000e0000000,0x00000000e0000000,0x00000000e8c80000)
  from space 21504K, 99% used [0x00000000eab80000,0x00000000ec07b250,0x00000000ec080000)
  to   space 31744K, 0% used [0x00000000e8c80000,0x00000000e8c80000,0x00000000eab80000)
 ParOldGen       total 59904K, used 54727K [0x00000000a0000000, 0x00000000a3a80000, 0x00000000e0000000)
  object space 59904K, 91% used [0x00000000a0000000,0x00000000a3571d90,0x00000000a3a80000)
 Metaspace       used 81856K, capacity 84334K, committed 84696K, reserved 1122304K
  class space    used 10333K, capacity 10884K, committed 11008K, reserved 1048576K
}
Event: 181.088 GC heap before
{Heap before GC invocations=20 (full 4):
 PSYoungGen      total 165376K, used 21484K [0x00000000e0000000, 0x00000000edd00000, 0x0000000100000000)
  eden space 143872K, 0% used [0x00000000e0000000,0x00000000e0000000,0x00000000e8c80000)
  from space 21504K, 99% used [0x00000000eab80000,0x00000000ec07b250,0x00000000ec080000)
  to   space 31744K, 0% used [0x00000000e8c80000,0x00000000e8c80000,0x00000000eab80000)
 ParOldGen       total 59904K, used 54727K [0x00000000a0000000, 0x00000000a3a80000, 0x00000000e0000000)
  object space 59904K, 91% used [0x00000000a0000000,0x00000000a3571d90,0x00000000a3a80000)
 Metaspace       used 81856K, capacity 84334K, committed 84696K, reserved 1122304K
  class space    used 10333K, capacity 10884K, committed 11008K, reserved 1048576K
Event: 182.786 GC heap after
Heap after GC invocations=20 (full 4):
 PSYoungGen      total 165376K, used 11566K [0x00000000e0000000, 0x00000000edd00000, 0x0000000100000000)
  eden space 143872K, 0% used [0x00000000e0000000,0x00000000e0000000,0x00000000e8c80000)
  from space 21504K, 53% used [0x00000000eab80000,0x00000000eb6cba00,0x00000000ec080000)
  to   space 31744K, 0% used [0x00000000e8c80000,0x00000000e8c80000,0x00000000eab80000)
 ParOldGen       total 59904K, used 59463K [0x00000000a0000000, 0x00000000a3a80000, 0x00000000e0000000)
  object space 59904K, 99% used [0x00000000a0000000,0x00000000a3a11e58,0x00000000a3a80000)
 Metaspace       used 81856K, capacity 84334K, committed 84696K, reserved 1122304K
  class space    used 10333K, capacity 10884K, committed 11008K, reserved 1048576K
}
Event: 187.941 GC heap before
{Heap before GC invocations=21 (full 5):
 PSYoungGen      total 165376K, used 155438K [0x00000000e0000000, 0x00000000edd00000, 0x0000000100000000)
  eden space 143872K, 100% used [0x00000000e0000000,0x00000000e8c80000,0x00000000e8c80000)
  from space 21504K, 53% used [0x00000000eab80000,0x00000000eb6cba00,0x00000000ec080000)
  to   space 31744K, 0% used [0x00000000e8c80000,0x00000000e8c80000,0x00000000eab80000)
 ParOldGen       total 59904K, used 59463K [0x00000000a0000000, 0x00000000a3a80000, 0x00000000e0000000)
  object space 59904K, 99% used [0x00000000a0000000,0x00000000a3a11e58,0x00000000a3a80000)
 Metaspace       used 85627K, capacity 88156K, committed 88408K, reserved 1126400K
  class space    used 10776K, capacity 11351K, committed 11392K, reserved 1048576K
Event: 189.261 GC heap after
Heap after GC invocations=21 (full 5):
 PSYoungGen      total 165376K, used 57790K [0x00000000e0000000, 0x00000000edd00000, 0x0000000100000000)
  eden space 143872K, 40% used [0x00000000e0000000,0x00000000e386fbd0,0x00000000e8c80000)
  from space 21504K, 0% used [0x00000000eab80000,0x00000000eab80000,0x00000000ec080000)
  to   space 31744K, 0% used [0x00000000e8c80000,0x00000000e8c80000,0x00000000eab80000)
 ParOldGen       total 59904K, used 59562K [0x00000000a0000000, 0x00000000a3a80000, 0x00000000e0000000)
  object space 59904K, 99% used [0x00000000a0000000,0x00000000a3a2abe8,0x00000000a3a80000)
 Metaspace       used 85627K, capacity 88156K, committed 88408K, reserved 1126400K
  class space    used 10776K, capacity 11351K, committed 11392K, reserved 1048576K
}

Deoptimization events (10 events):
Event: 194.740 Thread 0x0000000019e19800 Uncommon trap: reason=bimorphic action=maybe_recompile pc=0x00000000054c664c method=com.sun.tools.javac.code.Type.isCompound()Z @ 14
Event: 194.837 Thread 0x0000000019e19800 Uncommon trap: reason=bimorphic action=maybe_recompile pc=0x0000000005a2565c method=com.sun.tools.javac.code.Types$SameTypeVisitor.visitClassType(Lcom/sun/tools/javac/code/Type$ClassType;Lcom/sun/tools/javac/code/Type;)Ljava/lang/Boolean; @ 95
Event: 194.837 Thread 0x0000000019e19800 Uncommon trap: reason=bimorphic action=maybe_recompile pc=0x0000000005a2565c method=com.sun.tools.javac.code.Types$SameTypeVisitor.visitClassType(Lcom/sun/tools/javac/code/Type$ClassType;Lcom/sun/tools/javac/code/Type;)Ljava/lang/Boolean; @ 95
Event: 194.883 Thread 0x0000000019e19800 Uncommon trap: reason=speculate_class_check action=maybe_recompile pc=0x000000000548ddac method=com.sun.tools.javac.code.Type.hasTag(Lcom/sun/tools/javac/code/TypeTag;)Z @ 2
Event: 194.883 Thread 0x0000000019e19800 Uncommon trap: reason=speculate_class_check action=maybe_recompile pc=0x000000000548ddac method=com.sun.tools.javac.code.Type.hasTag(Lcom/sun/tools/javac/code/TypeTag;)Z @ 2
Event: 194.883 Thread 0x0000000019e19800 Uncommon trap: reason=speculate_class_check action=maybe_recompile pc=0x000000000548ddac method=com.sun.tools.javac.code.Type.hasTag(Lcom/sun/tools/javac/code/TypeTag;)Z @ 2
Event: 194.883 Thread 0x0000000019e19800 Uncommon trap: reason=speculate_class_check action=maybe_recompile pc=0x000000000548ddac method=com.sun.tools.javac.code.Type.hasTag(Lcom/sun/tools/javac/code/TypeTag;)Z @ 2
Event: 194.883 Thread 0x0000000019e19800 Uncommon trap: reason=speculate_class_check action=maybe_recompile pc=0x0000000005916b68 method=com.sun.tools.javac.code.Type.hasTag(Lcom/sun/tools/javac/code/TypeTag;)Z @ 2
Event: 194.883 Thread 0x0000000019e19800 Uncommon trap: reason=speculate_class_check action=maybe_recompile pc=0x0000000005916b68 method=com.sun.tools.javac.code.Type.hasTag(Lcom/sun/tools/javac/code/TypeTag;)Z @ 2
Event: 194.951 Thread 0x0000000019e19800 Uncommon trap: reason=speculate_class_check action=maybe_recompile pc=0x0000000005248014 method=com.sun.tools.javac.code.Type.hasTag(Lcom/sun/tools/javac/code/TypeTag;)Z @ 2

Classes redefined (0 events):
No events

Internal exceptions (10 events):
Event: 184.164 Thread 0x0000000019e19800 Exception <a 'java/lang/ArrayIndexOutOfBoundsException'> (0x00000000e1ad0010) thrown at [D:\src\AOSP-openjdk-cygwin\jdk8u\hotspot\src\share\vm\runtime\sharedRuntime.cpp, line 605]
Event: 184.267 Thread 0x0000000019e19800 Exception <a 'java/lang/ArrayIndexOutOfBoundsException'> (0x00000000e1b941e0) thrown at [D:\src\AOSP-openjdk-cygwin\jdk8u\hotspot\src\share\vm\runtime\sharedRuntime.cpp, line 605]
Event: 184.322 Thread 0x0000000019e19800 Implicit null exception at 0x00000000050ff11e to 0x00000000050ff7e9
Event: 184.877 Thread 0x0000000019e19800 Exception <a 'java/lang/NoSuchMethodError': <clinit>> (0x00000000e2a9d0a8) thrown at [D:\src\AOSP-openjdk-cygwin\jdk8u\hotspot\src\share\vm\prims\jni.cpp, line 1613]
Event: 185.496 Thread 0x0000000019e19800 Implicit null exception at 0x00000000057c48ac to 0x00000000057c4ab1
Event: 186.703 Thread 0x0000000019e19800 Implicit null exception at 0x000000000523acf1 to 0x000000000523b0ad
Event: 186.718 Thread 0x0000000019e19800 Implicit null exception at 0x000000000504b03f to 0x000000000504bddd
Event: 186.777 Thread 0x0000000019e19800 Implicit null exception at 0x000000000504fc21 to 0x0000000005050325
Event: 186.880 Thread 0x0000000019e19800 Implicit null exception at 0x00000000052a3d02 to 0x00000000052a5e71
Event: 189.440 Thread 0x0000000019e19800 Implicit null exception at 0x000000000528ab36 to 0x000000000528ae0d

Events (10 events):
Event: 194.883 Thread 0x0000000019e19800 DEOPT PACKING pc=0x0000000005916b68 sp=0x0000000024aac1f0
Event: 194.883 Thread 0x0000000019e19800 DEOPT UNPACKING pc=0x000000000326556a sp=0x0000000024aac200 mode 2
Event: 194.883 Thread 0x0000000019e19800 Uncommon trap: trap_request=0xffffff76 fr.pc=0x0000000005916b68
Event: 194.883 Thread 0x0000000019e19800 DEOPT PACKING pc=0x0000000005916b68 sp=0x0000000024aabe50
Event: 194.883 Thread 0x0000000019e19800 DEOPT UNPACKING pc=0x000000000326556a sp=0x0000000024aabe60 mode 2
Event: 194.904 Executing VM operation: ForceSafepoint
Event: 194.904 Executing VM operation: ForceSafepoint done
Event: 194.951 Thread 0x0000000019e19800 Uncommon trap: trap_request=0xffffff76 fr.pc=0x0000000005248014
Event: 194.951 Thread 0x0000000019e19800 DEOPT PACKING pc=0x0000000005248014 sp=0x0000000024aab790
Event: 194.951 Thread 0x0000000019e19800 DEOPT UNPACKING pc=0x000000000326556a sp=0x0000000024aab6d0 mode 2


Dynamic libraries:
0x00007ff6a73c0000 - 0x00007ff6a73f1000 	D:\android_studio\jre\bin\java.exe
0x00007ff969c50000 - 0x00007ff969e21000 	C:\WINDOWS\SYSTEM32\ntdll.dll
0x00007ff969090000 - 0x00007ff96913b000 	C:\WINDOWS\System32\KERNEL32.DLL
0x00007ff966b70000 - 0x00007ff966d8d000 	C:\WINDOWS\System32\KERNELBASE.dll
0x00007ff967090000 - 0x00007ff967132000 	C:\WINDOWS\System32\ADVAPI32.dll
0x00007ff968dd0000 - 0x00007ff968e6e000 	C:\WINDOWS\System32\msvcrt.dll
0x00007ff969a30000 - 0x00007ff969a89000 	C:\WINDOWS\System32\sechost.dll
0x00007ff969a90000 - 0x00007ff969bb1000 	C:\WINDOWS\System32\RPCRT4.dll
0x00007ff968f20000 - 0x00007ff969085000 	C:\WINDOWS\System32\USER32.dll
0x00007ff9660a0000 - 0x00007ff9660be000 	C:\WINDOWS\System32\win32u.dll
0x00007ff9699f0000 - 0x00007ff969a24000 	C:\WINDOWS\System32\GDI32.dll
0x00007ff966130000 - 0x00007ff9662b2000 	C:\WINDOWS\System32\gdi32full.dll
0x00007ff9596f0000 - 0x00007ff959969000 	C:\WINDOWS\WinSxS\amd64_microsoft.windows.common-controls_6595b64144ccf1df_6.0.14393.447_none_42191651c6827bb3\COMCTL32.dll
0x00007ff9689f0000 - 0x00007ff968cb8000 	C:\WINDOWS\System32\combase.dll
0x00007ff965ef0000 - 0x00007ff965fe5000 	C:\WINDOWS\System32\ucrtbase.dll
0x00007ff9660c0000 - 0x00007ff96612a000 	C:\WINDOWS\System32\bcryptPrimitives.dll
0x00007ff969c20000 - 0x00007ff969c4e000 	C:\WINDOWS\System32\IMM32.DLL
0x0000000056540000 - 0x0000000056612000 	D:\android_studio\jre\jre\bin\msvcr100.dll
0x0000000056620000 - 0x0000000056e5e000 	D:\android_studio\jre\jre\bin\server\jvm.dll
0x00007ff966df0000 - 0x00007ff966e13000 	C:\WINDOWS\System32\WINMM.dll
0x00007ff961420000 - 0x00007ff961429000 	C:\WINDOWS\SYSTEM32\WSOCK32.dll
0x00007ff965ec0000 - 0x00007ff965eeb000 	C:\WINDOWS\System32\WINMMBASE.dll
0x00007ff968e70000 - 0x00007ff968eda000 	C:\WINDOWS\System32\WS2_32.dll
0x00007ff966e80000 - 0x00007ff966ec2000 	C:\WINDOWS\System32\cfgmgr32.dll
0x00007ff968ef0000 - 0x00007ff968ef8000 	C:\WINDOWS\System32\PSAPI.DLL
0x00007ff965610000 - 0x00007ff96561a000 	C:\WINDOWS\SYSTEM32\VERSION.dll
0x00007ff965c30000 - 0x00007ff965c3f000 	D:\android_studio\jre\jre\bin\verify.dll
0x00007ff9639b0000 - 0x00007ff9639d9000 	D:\android_studio\jre\jre\bin\java.dll
0x00007ff9611e0000 - 0x00007ff9611f6000 	D:\android_studio\jre\jre\bin\zip.dll
0x00007ff9671e0000 - 0x00007ff9686e9000 	C:\WINDOWS\System32\SHELL32.dll
0x00007ff9662c0000 - 0x00007ff96699a000 	C:\WINDOWS\System32\windows.storage.dll
0x00007ff966e20000 - 0x00007ff966e6c000 	C:\WINDOWS\System32\powrprof.dll
0x00007ff968890000 - 0x00007ff9688e2000 	C:\WINDOWS\System32\shlwapi.dll
0x00007ff965ea0000 - 0x00007ff965eaf000 	C:\WINDOWS\System32\kernel.appcore.dll
0x00007ff966f70000 - 0x00007ff967019000 	C:\WINDOWS\System32\shcore.dll
0x00007ff965e80000 - 0x00007ff965e94000 	C:\WINDOWS\System32\profapi.dll
0x00007ff95f940000 - 0x00007ff95f95a000 	D:\android_studio\jre\jre\bin\net.dll
0x00007ff9653e0000 - 0x00007ff96543c000 	C:\WINDOWS\system32\mswsock.dll
0x00007ff95be40000 - 0x00007ff95be51000 	D:\android_studio\jre\jre\bin\nio.dll
0x00007ff957980000 - 0x00007ff95799e000 	D:\software\gradle-3.3\native\25\windows-amd64\native-platform.dll
0x00007ff963ae0000 - 0x00007ff963aed000 	D:\android_studio\jre\jre\bin\management.dll
0x00007ff965a00000 - 0x00007ff965a17000 	C:\WINDOWS\SYSTEM32\CRYPTSP.dll
0x00007ff965000000 - 0x00007ff965033000 	C:\WINDOWS\system32\rsaenh.dll
0x00007ff965dc0000 - 0x00007ff965deb000 	C:\WINDOWS\SYSTEM32\bcrypt.dll
0x00007ff965260000 - 0x00007ff96527f000 	C:\WINDOWS\SYSTEM32\USERENV.dll
0x00007ff9655a0000 - 0x00007ff9655ab000 	C:\WINDOWS\SYSTEM32\CRYPTBASE.dll
0x00007ff965180000 - 0x00007ff9651b8000 	C:\WINDOWS\SYSTEM32\IPHLPAPI.DLL
0x00007ff968ee0000 - 0x00007ff968ee8000 	C:\WINDOWS\System32\NSI.dll
0x00007ff95cd40000 - 0x00007ff95cd56000 	C:\WINDOWS\SYSTEM32\dhcpcsvc6.DLL
0x00007ff95cad0000 - 0x00007ff95caea000 	C:\WINDOWS\SYSTEM32\dhcpcsvc.DLL
0x00007ff958320000 - 0x00007ff95833e000 	C:\Users\lenovo\AppData\Local\Temp\native-platform7919051269968528538dir\native-platform.dll

VM Arguments:
jvm_args: -Xmx1536m -Dfile.encoding=GBK -Duser.country=CN -Duser.language=zh -Duser.variant 
java_command: org.gradle.launcher.daemon.bootstrap.GradleDaemon 4.1
java_class_path (initial): D:\software\gradle-3.3\wrapper\dists\gradle-4.1-all\bzyivzo6n839fup2jbap0tjew\gradle-4.1\lib\gradle-launcher-4.1.jar
Launcher Type: SUN_STANDARD

Environment Variables:
JAVA_HOME=C:\Program Files (x86)\Java\jdk1.8.0\bin
PATH=C:\ProgramData\Oracle\Java\javapath;D:\app\product\11.2.0\dbhome_1\bin;C:\WINDOWS\system32;C:\WINDOWS;C:\WINDOWS\System32\Wbem;C:\WINDOWS\System32\WindowsPowerShell\v1.0\;C:\Program Files\Intel\WiFi\bin\;C:\Program Files\Common Files\Intel\WirelessCommon\;C:\Program Files (x86)\Calibre2\;C:\Program Files\Java\jdk1.8.0_11\bin;C:\Program Files\TortoiseGit\bin;D:\software\android_sdk\platform-tools;D:\are\Mysql\bin;C:\Program Files\Git\cmd;C:\Program Files\Java\jdk1.8.0_11\bin£»D:\app\product\11.2.0\dbhome_1\BIN£»D:\software\android_sdk;C:\Users\lenovo\AppData\Local\Programs\Fiddler
USERNAME=lenovo
OS=Windows_NT
PROCESSOR_IDENTIFIER=Intel64 Family 6 Model 78 Stepping 3, GenuineIntel



---------------  S Y S T E M  ---------------

OS: Windows 10.0 , 64 bit Build 14393 (10.0.14393.0)

CPU:total 4 (initial active 4) (2 cores per cpu, 2 threads per core) family 6 model 78 stepping 3, cmov, cx8, fxsr, mmx, sse, sse2, sse3, ssse3, sse4.1, sse4.2, popcnt, avx, avx2, aes, clmul, erms, 3dnowpref, lzcnt, ht, tsc, tscinvbit, bmi1, bmi2, adx

Memory: 4k page, physical 4049824k(94708k free), swap 9783068k(5724k free)

vm_info: OpenJDK 64-Bit Server VM (25.152-b01) for windows-amd64 JRE (1.8.0_152-release-915-b01), built by "builder" with MS VC++ 10.0 (VS2010)

time: Sat Dec 16 13:29:59 2017
elapsed time: 195 seconds (0d 0h 3m 15s)

